
Jul 30, 2022 14:16:53.408 NEW SESSION
Jul 30, 2022 14:16:53.408 [7924:4404:0730/141653.404:ERROR:google_update_settings.cc(236)] Failed opening key Software\Google\Update\ClientStateMedium\{8A69D345-D564-463c-AFF1-A69D9E530F96} to set usagestats; result: 5
Jul 30, 2022 14:16:56.901 [7924:2936:0730/141656.901:ERROR:device_event_log_impl.cc(214)] [14:16:56.901] USB: usb_device_handle_win.cc:1048 Failed to read descriptor from node connection: A device attached to the system is not functioning. (0x1F)
Jul 30, 2022 14:16:56.902 [7924:2936:0730/141656.901:ERROR:device_event_log_impl.cc(214)] [14:16:56.902] USB: usb_device_handle_win.cc:1048 Failed to read descriptor from node connection: A device attached to the system is not functioning. (0x1F)
Jul 30, 2022 14:16:57.381 [7924:10112:0730/141657.380:ERROR:entity_annotator_native_library.cc(305)] Failed to create entity annotator: Failed to parse proto from the content of C:\Users\susha\AppData\Local\Google\Chrome\User Data\Default\optimization_guide_prediction_model_downloads\8130b370-846e-4635-bea7-32864bc9a1a0\model_metadata.pb.. Failed to initialize SenseLevelDbModel while creating EntityAnnotator:
Jul 30, 2022 14:17:53.654 [7924:10112:0730/141753.652:ERROR:util.cc(127)] Can't create base directory: C:\Program Files\Google\GoogleUpdater

Aug 01, 2022 17:02:45.539 NEW SESSION
Aug 01, 2022 17:02:45.539 [8796:3396:0801/170245.535:ERROR:google_update_settings.cc(236)] Failed opening key Software\Google\Update\ClientStateMedium\{8A69D345-D564-463c-AFF1-A69D9E530F96} to set usagestats; result: 5
Aug 01, 2022 17:02:49.597 [8796:6620:0801/170249.597:ERROR:device_event_log_impl.cc(214)] [17:02:49.597] USB: usb_device_handle_win.cc:1048 Failed to read descriptor from node connection: A device attached to the system is not functioning. (0x1F)
Aug 01, 2022 17:02:49.598 [8796:6620:0801/170249.597:ERROR:device_event_log_impl.cc(214)] [17:02:49.598] USB: usb_device_handle_win.cc:1048 Failed to read descriptor from node connection: A device attached to the system is not functioning. (0x1F)
Aug 01, 2022 17:02:49.927 [8796:11620:0801/170249.927:ERROR:util.cc(127)] Can't create base directory: C:\Program Files\Google\GoogleUpdater
Aug 01, 2022 17:02:49.929 [8796:11620:0801/170249.929:ERROR:util.cc(127)] Can't create base directory: C:\Program Files\Google\GoogleUpdater
Aug 01, 2022 17:02:50.112 [8796:11620:0801/170250.112:ERROR:entity_annotator_native_library.cc(305)] Failed to create entity annotator: Failed to parse proto from the content of C:\Users\susha\AppData\Local\Google\Chrome\User Data\Default\optimization_guide_prediction_model_downloads\8130b370-846e-4635-bea7-32864bc9a1a0\model_metadata.pb.. Failed to initialize SenseLevelDbModel while creating EntityAnnotator:
Aug 01, 2022 17:03:46.310 [8796:5004:0801/170346.308:ERROR:util.cc(127)] Can't create base directory: C:\Program Files\Google\GoogleUpdater

Aug 04, 2022 11:59:39.707 NEW SESSION
Aug 04, 2022 11:59:39.707 [6876:5412:0804/115939.705:ERROR:google_update_settings.cc(236)] Failed opening key Software\Google\Update\ClientStateMedium\{8A69D345-D564-463c-AFF1-A69D9E530F96} to set usagestats; result: 5
Aug 04, 2022 11:59:44.246 [6876:13376:0804/115944.246:ERROR:device_event_log_impl.cc(214)] [11:59:44.246] USB: usb_device_handle_win.cc:1048 Failed to read descriptor from node connection: A device attached to the system is not functioning. (0x1F)
Aug 04, 2022 11:59:44.252 [6876:13376:0804/115944.251:ERROR:device_event_log_impl.cc(214)] [11:59:44.251] USB: usb_device_handle_win.cc:1048 Failed to read descriptor from node connection: A device attached to the system is not functioning. (0x1F)
Aug 04, 2022 11:59:48.398 [6876:11252:0804/115948.397:ERROR:util.cc(127)] Can't create base directory: C:\Program Files\Google\GoogleUpdater
Aug 04, 2022 11:59:48.401 [6876:11252:0804/115948.400:ERROR:util.cc(127)] Can't create base directory: C:\Program Files\Google\GoogleUpdater
Aug 04, 2022 12:00:40.300 [6876:11252:0804/120040.300:ERROR:util.cc(127)] Can't create base directory: C:\Program Files\Google\GoogleUpdater

Aug 05, 2022 10:12:02.988 NEW SESSION
Aug 05, 2022 10:12:02.989 [13924:10196:0805/101202.986:ERROR:google_update_settings.cc(236)] Failed opening key Software\Google\Update\ClientStateMedium\{8A69D345-D564-463c-AFF1-A69D9E530F96} to set usagestats; result: 5
Aug 05, 2022 10:12:06.630 [13924:2432:0805/101206.630:ERROR:device_event_log_impl.cc(214)] [10:12:06.630] USB: usb_device_handle_win.cc:1048 Failed to read descriptor from node connection: A device attached to the system is not functioning. (0x1F)
Aug 05, 2022 10:12:06.631 [13924:2432:0805/101206.630:ERROR:device_event_log_impl.cc(214)] [10:12:06.631] USB: usb_device_handle_win.cc:1048 Failed to read descriptor from node connection: A device attached to the system is not functioning. (0x1F)
Aug 05, 2022 10:13:04.04 [13924:8200:0805/101304.003:ERROR:util.cc(127)] Can't create base directory: C:\Program Files\Google\GoogleUpdater

Aug 06, 2022 12:04:53.993 NEW SESSION
Aug 06, 2022 12:04:53.993 [1748:12260:0806/120453.991:ERROR:google_update_settings.cc(236)] Failed opening key Software\Google\Update\ClientStateMedium\{8A69D345-D564-463c-AFF1-A69D9E530F96} to set usagestats; result: 5
Aug 06, 2022 12:04:57.101 [1748:5688:0806/120457.100:ERROR:device_event_log_impl.cc(214)] [12:04:57.100] USB: usb_device_handle_win.cc:1048 Failed to read descriptor from node connection: A device attached to the system is not functioning. (0x1F)
Aug 06, 2022 12:04:57.102 [1748:5688:0806/120457.101:ERROR:device_event_log_impl.cc(214)] [12:04:57.101] USB: usb_device_handle_win.cc:1048 Failed to read descriptor from node connection: A device attached to the system is not functioning. (0x1F)
Aug 06, 2022 12:05:54.503 [1748:10092:0806/120554.503:ERROR:util.cc(127)] Can't create base directory: C:\Program Files\Google\GoogleUpdater
Aug 06, 2022 14:07:29.450 [1748:3472:0806/140729.450:ERROR:util.cc(127)] Can't create base directory: C:\Program Files\Google\GoogleUpdater
Aug 06, 2022 14:07:29.452 [1748:3472:0806/140729.451:ERROR:util.cc(127)] Can't create base directory: C:\Program Files\Google\GoogleUpdater
Aug 06, 2022 14:14:03.442 [1748:5688:0806/141403.441:ERROR:template_url_service.cc(1094)] Search Engines datatype error was encountered: ProcessSyncChanges failed on ChangeType ACTION_DELETE
Aug 06, 2022 14:14:03.443 [1748:5688:0806/141403.442:ERROR:template_url_service.cc(1094)] Search Engines datatype error was encountered: ProcessSyncChanges failed on ChangeType ACTION_DELETE
Aug 06, 2022 14:23:55.784 [1748:5688:0806/142355.784:ERROR:device_event_log_impl.cc(214)] [14:23:55.784] USB: usb_service_win.cc:104 SetupDiGetDeviceProperty({{A45C254E-DF1C-4EFD-8020-67D146A850E0}, 6}) failed: Element not found. (0x490)
Aug 06, 2022 14:23:55.800 [1748:5688:0806/142355.799:ERROR:device_event_log_impl.cc(214)] [14:23:55.799] USB: usb_service_win.cc:307 SetupDiEnumDeviceInterfaces: No more data is available. (0x103)
Aug 06, 2022 14:27:40.274 [1748:5688:0806/142740.274:ERROR:device_event_log_impl.cc(214)] [14:27:40.273] USB: usb_service_win.cc:104 SetupDiGetDeviceProperty({{A45C254E-DF1C-4EFD-8020-67D146A850E0}, 6}) failed: Element not found. (0x490)
Aug 06, 2022 14:27:40.286 [1748:5688:0806/142740.286:ERROR:device_event_log_impl.cc(214)] [14:27:40.286] USB: usb_service_win.cc:307 SetupDiEnumDeviceInterfaces: No more data is available. (0x103)

Aug 06, 2022 16:45:04.279 NEW SESSION
Aug 06, 2022 16:45:04.279 [7420:3308:0806/164504.276:ERROR:google_update_settings.cc(236)] Failed opening key Software\Google\Update\ClientStateMedium\{8A69D345-D564-463c-AFF1-A69D9E530F96} to set usagestats; result: 5
Aug 06, 2022 16:45:07.806 [7420:7164:0806/164507.805:ERROR:device_event_log_impl.cc(214)] [16:45:07.805] USB: usb_device_handle_win.cc:1048 Failed to read descriptor from node connection: A device attached to the system is not functioning. (0x1F)
Aug 06, 2022 16:45:07.807 [7420:7164:0806/164507.807:ERROR:device_event_log_impl.cc(214)] [16:45:07.806] USB: usb_device_handle_win.cc:1048 Failed to read descriptor from node connection: A device attached to the system is not functioning. (0x1F)
Aug 06, 2022 16:46:04.624 [7420:1560:0806/164604.623:ERROR:util.cc(127)] Can't create base directory: C:\Program Files\Google\GoogleUpdater

Aug 06, 2022 17:18:38.558 NEW SESSION
Aug 06, 2022 17:18:38.558 [6840:11672:0806/171838.555:ERROR:google_update_settings.cc(236)] Failed opening key Software\Google\Update\ClientStateMedium\{8A69D345-D564-463c-AFF1-A69D9E530F96} to set usagestats; result: 5
Aug 06, 2022 17:18:42.765 [6840:4560:0806/171842.765:ERROR:device_event_log_impl.cc(214)] [17:18:42.765] USB: usb_device_handle_win.cc:1048 Failed to read descriptor from node connection: A device attached to the system is not functioning. (0x1F)
Aug 06, 2022 17:18:42.775 [6840:4560:0806/171842.774:ERROR:device_event_log_impl.cc(214)] [17:18:42.774] USB: usb_device_handle_win.cc:1048 Failed to read descriptor from node connection: A device attached to the system is not functioning. (0x1F)
Aug 06, 2022 17:19:39.528 [6840:7076:0806/171939.528:ERROR:util.cc(127)] Can't create base directory: C:\Program Files\Google\GoogleUpdater

Aug 07, 2022 11:05:18.691 NEW SESSION
Aug 07, 2022 11:05:18.691 [11824:2092:0807/110518.689:ERROR:google_update_settings.cc(236)] Failed opening key Software\Google\Update\ClientStateMedium\{8A69D345-D564-463c-AFF1-A69D9E530F96} to set usagestats; result: 5
Aug 07, 2022 11:05:22.548 [11824:4756:0807/110522.547:ERROR:device_event_log_impl.cc(214)] [11:05:22.547] USB: usb_device_handle_win.cc:1048 Failed to read descriptor from node connection: A device attached to the system is not functioning. (0x1F)
Aug 07, 2022 11:05:22.549 [11824:4756:0807/110522.548:ERROR:device_event_log_impl.cc(214)] [11:05:22.548] USB: usb_device_handle_win.cc:1048 Failed to read descriptor from node connection: A device attached to the system is not functioning. (0x1F)
Aug 07, 2022 11:06:19.223 [11824:4632:0807/110619.222:ERROR:util.cc(127)] Can't create base directory: C:\Program Files\Google\GoogleUpdater
Aug 07, 2022 12:52:55.975 [9496:13512:0807/125255.975:ERROR:google_update_settings.cc(236)] Failed opening key Software\Google\Update\ClientStateMedium\{8A69D345-D564-463c-AFF1-A69D9E530F96} to set usagestats; result: 5
Aug 07, 2022 12:52:59.256 [9496:7564:0807/125259.254:ERROR:device_event_log_impl.cc(214)] [12:52:59.254] USB: usb_device_handle_win.cc:1048 Failed to read descriptor from node connection: A device attached to the system is not functioning. (0x1F)
Aug 07, 2022 12:52:59.257 [9496:7564:0807/125259.254:ERROR:device_event_log_impl.cc(214)] [12:52:59.254] USB: usb_device_handle_win.cc:1048 Failed to read descriptor from node connection: A device attached to the system is not functioning. (0x1F)
Aug 07, 2022 12:53:56.415 [9496:13292:0807/125356.414:ERROR:util.cc(127)] Can't create base directory: C:\Program Files\Google\GoogleUpdater

Aug 08, 2022 22:15:17.512 NEW SESSION
Aug 08, 2022 22:15:17.512 [2996:14068:0808/221517.509:ERROR:google_update_settings.cc(236)] Failed opening key Software\Google\Update\ClientStateMedium\{8A69D345-D564-463c-AFF1-A69D9E530F96} to set usagestats; result: 5
Aug 08, 2022 22:15:20.579 [2996:10612:0808/221520.579:ERROR:device_event_log_impl.cc(214)] [22:15:20.578] USB: usb_device_handle_win.cc:1048 Failed to read descriptor from node connection: A device attached to the system is not functioning. (0x1F)
Aug 08, 2022 22:15:20.580 [2996:10612:0808/221520.579:ERROR:device_event_log_impl.cc(214)] [22:15:20.579] USB: usb_device_handle_win.cc:1048 Failed to read descriptor from node connection: A device attached to the system is not functioning. (0x1F)
Aug 08, 2022 22:16:18.53 [2996:14740:0808/221618.053:ERROR:util.cc(127)] Can't create base directory: C:\Program Files\Google\GoogleUpdater

Aug 09, 2022 11:15:11.12 NEW SESSION
Aug 09, 2022 11:15:11.12 [6384:10848:0809/111511.010:ERROR:google_update_settings.cc(236)] Failed opening key Software\Google\Update\ClientStateMedium\{8A69D345-D564-463c-AFF1-A69D9E530F96} to set usagestats; result: 5
Aug 09, 2022 11:15:15.526 [6384:4252:0809/111515.526:ERROR:device_event_log_impl.cc(214)] [11:15:15.525] USB: usb_device_handle_win.cc:1048 Failed to read descriptor from node connection: A device attached to the system is not functioning. (0x1F)
Aug 09, 2022 11:15:15.527 [6384:4252:0809/111515.526:ERROR:device_event_log_impl.cc(214)] [11:15:15.526] USB: usb_device_handle_win.cc:1048 Failed to read descriptor from node connection: A device attached to the system is not functioning. (0x1F)
Aug 09, 2022 11:16:11.835 [6384:9776:0809/111611.833:ERROR:util.cc(127)] Can't create base directory: C:\Program Files\Google\GoogleUpdater
Aug 09, 2022 16:16:11.840 [6384:11584:0809/161611.838:ERROR:util.cc(127)] Can't create base directory: C:\Program Files\Google\GoogleUpdater

Aug 11, 2022 12:16:06.971 NEW SESSION
Aug 11, 2022 12:16:06.972 [4492:7716:0811/121606.969:ERROR:google_update_settings.cc(236)] Failed opening key Software\Google\Update\ClientStateMedium\{8A69D345-D564-463c-AFF1-A69D9E530F96} to set usagestats; result: 5
Aug 11, 2022 12:16:10.977 [4492:4940:0811/121610.976:ERROR:device_event_log_impl.cc(214)] [12:16:10.977] USB: usb_device_handle_win.cc:1048 Failed to read descriptor from node connection: A device attached to the system is not functioning. (0x1F)
Aug 11, 2022 12:16:10.977 [4492:4940:0811/121610.977:ERROR:device_event_log_impl.cc(214)] [12:16:10.978] USB: usb_device_handle_win.cc:1048 Failed to read descriptor from node connection: A device attached to the system is not functioning. (0x1F)
Aug 11, 2022 12:16:14.94 [4492:10216:0811/121614.093:ERROR:util.cc(127)] Can't create base directory: C:\Program Files\Google\GoogleUpdater
Aug 11, 2022 12:16:14.106 [4492:10216:0811/121614.106:ERROR:util.cc(127)] Can't create base directory: C:\Program Files\Google\GoogleUpdater
Aug 11, 2022 12:16:39.577 [2312:3264:0811/121639.577:ERROR:google_update_settings.cc(236)] Failed opening key Software\Google\Update\ClientStateMedium\{8A69D345-D564-463c-AFF1-A69D9E530F96} to set usagestats; result: 5
Aug 11, 2022 12:16:42.672 [2312:6388:0811/121642.671:ERROR:device_event_log_impl.cc(214)] [12:16:42.671] USB: usb_device_handle_win.cc:1048 Failed to read descriptor from node connection: A device attached to the system is not functioning. (0x1F)
Aug 11, 2022 12:16:42.674 [2312:6388:0811/121642.672:ERROR:device_event_log_impl.cc(214)] [12:16:42.672] USB: usb_device_handle_win.cc:1048 Failed to read descriptor from node connection: A device attached to the system is not functioning. (0x1F)
Aug 11, 2022 12:16:43.962 [2312:2972:0811/121643.962:ERROR:util.cc(127)] Can't create base directory: C:\Program Files\Google\GoogleUpdater
Aug 11, 2022 12:16:44.21 [2312:2972:0811/121644.021:ERROR:util.cc(127)] Can't create base directory: C:\Program Files\Google\GoogleUpdater
Aug 11, 2022 12:17:40.69 [2312:572:0811/121740.068:ERROR:util.cc(127)] Can't create base directory: C:\Program Files\Google\GoogleUpdater

Aug 11, 2022 20:18:04.164 NEW SESSION
Aug 11, 2022 20:18:04.164 [10384:12912:0811/201804.155:ERROR:google_update_settings.cc(236)] Failed opening key Software\Google\Update\ClientStateMedium\{8A69D345-D564-463c-AFF1-A69D9E530F96} to set usagestats; result: 5
Aug 11, 2022 20:18:08.684 [10384:8996:0811/201808.683:ERROR:device_event_log_impl.cc(214)] [20:18:08.682] USB: usb_device_handle_win.cc:1048 Failed to read descriptor from node connection: A device attached to the system is not functioning. (0x1F)
Aug 11, 2022 20:18:08.723 [10384:8996:0811/201808.684:ERROR:device_event_log_impl.cc(214)] [20:18:08.684] USB: usb_device_handle_win.cc:1048 Failed to read descriptor from node connection: A device attached to the system is not functioning. (0x1F)
Aug 11, 2022 20:18:10.676 [10384:9124:0811/201810.676:ERROR:util.cc(127)] Can't create base directory: C:\Program Files\Google\GoogleUpdater
Aug 11, 2022 20:18:10.679 [10384:9124:0811/201810.679:ERROR:util.cc(127)] Can't create base directory: C:\Program Files\Google\GoogleUpdater
Aug 11, 2022 20:19:05.91 [10384:9684:0811/201905.090:ERROR:util.cc(127)] Can't create base directory: C:\Program Files\Google\GoogleUpdater
Aug 11, 2022 22:33:00.830 [2888:6956:0811/223300.829:ERROR:google_update_settings.cc(236)] Failed opening key Software\Google\Update\ClientStateMedium\{8A69D345-D564-463c-AFF1-A69D9E530F96} to set usagestats; result: 5
Aug 11, 2022 22:33:04.841 [2888:6768:0811/223304.839:ERROR:device_event_log_impl.cc(214)] [22:33:04.839] USB: usb_device_handle_win.cc:1048 Failed to read descriptor from node connection: A device attached to the system is not functioning. (0x1F)
Aug 11, 2022 22:33:04.842 [2888:6768:0811/223304.840:ERROR:device_event_log_impl.cc(214)] [22:33:04.840] USB: usb_device_handle_win.cc:1048 Failed to read descriptor from node connection: A device attached to the system is not functioning. (0x1F)
Aug 11, 2022 22:33:05.448 [2888:6104:0811/223305.448:ERROR:util.cc(127)] Can't create base directory: C:\Program Files\Google\GoogleUpdater
Aug 11, 2022 22:33:05.451 [2888:6104:0811/223305.450:ERROR:util.cc(127)] Can't create base directory: C:\Program Files\Google\GoogleUpdater
Aug 11, 2022 22:34:01.308 [2888:6104:0811/223401.307:ERROR:util.cc(127)] Can't create base directory: C:\Program Files\Google\GoogleUpdater
